<?xml version="1.0" encoding="UTF-8"?>
<testng-results skipped="0" failed="0" ignored="0" total="1" passed="1">
  <reporter-output>
  </reporter-output>
  <suite name="Default suite" duration-ms="4964" started-at="2020-05-02T21:21:10 IST" finished-at="2020-05-02T21:21:15 IST">
    <groups>
    </groups>
    <test name="Default test" duration-ms="4964" started-at="2020-05-02T21:21:10 IST" finished-at="2020-05-02T21:21:15 IST">
      <class name="com.qa.test.GetAPITest">
        <test-method status="PASS" signature="setUP()[pri:0, instance:com.qa.test.GetAPITest@50b494a6]" name="setUP" is-config="true" duration-ms="5" started-at="2020-05-02T21:21:11 IST" finished-at="2020-05-02T21:21:11 IST">
          <reporter-output>
          </reporter-output>
        </test-method> <!-- setUP -->
        <test-method status="PASS" signature="getAPITest()[pri:0, instance:com.qa.test.GetAPITest@50b494a6]" name="getAPITest" duration-ms="4908" started-at="2020-05-02T21:21:11 IST" finished-at="2020-05-02T21:21:15 IST">
          <reporter-output>
          </reporter-output>
        </test-method> <!-- getAPITest -->
      </class> <!-- com.qa.test.GetAPITest -->
    </test> <!-- Default test -->
  </suite> <!-- Default suite -->
</testng-results>
